<?xml version="1.0" encoding="UTF-8"?>
<!-- Generated by org.testng.reporters.JUnitReportReporter -->
<testsuite hostname="DESKTOP-952V858" failures="0" tests="1" name="DDT.CheckBox" time="16.101" errors="0" timestamp="2021-04-27T20:13:19 IST" skipped="0">
  <testcase classname="DDT.CheckBox" name="SelectCheckBox" time="16.101"/>
  <system-out/>
</testsuite> <!-- DDT.CheckBox -->
