<?xml version="1.0" encoding="UTF-8"?>
<!-- Generated by org.testng.reporters.JUnitReportReporter -->
<testsuite hostname="DESKTOP-952V858" failures="0" tests="1" name="DDT.Alerts" time="7.939" errors="0" timestamp="2021-04-27T18:40:38 IST" skipped="0">
  <testcase classname="DDT.Alerts" name="AlertOnScreen" time="7.939"/>
  <system-out/>
</testsuite> <!-- DDT.Alerts -->
