<?xml version="1.0" encoding="UTF-8"?>
<!-- Generated by org.testng.reporters.JUnitReportReporter -->
<testsuite hostname="DESKTOP-952V858" failures="0" tests="1" name="DDT.ConfirmationAlerts" time="10.491" errors="0" timestamp="2021-04-27T19:24:51 IST" skipped="0">
  <testcase classname="DDT.ConfirmationAlerts" name="PromptAlertOnScreen" time="10.491"/>
  <system-out/>
</testsuite> <!-- DDT.ConfirmationAlerts -->
