<?xml version="1.0" encoding="UTF-8"?>
<!-- Generated by org.testng.reporters.JUnitReportReporter -->
<testsuite hostname="DESKTOP-952V858" failures="0" tests="1" name="DDT.WindowHandleNewTab" time="6.358" errors="0" timestamp="2021-04-27T18:21:16 IST" skipped="0">
  <testcase classname="DDT.WindowHandleNewTab" name="WindowHandle2" time="6.358"/>
  <system-out/>
</testsuite> <!-- DDT.WindowHandleNewTab -->
