<?xml version="1.0" encoding="UTF-8"?>
<!-- Generated by org.testng.reporters.JUnitReportReporter -->
<testsuite hostname="DESKTOP-952V858" failures="0" tests="1" name="DDT.WindowHandle" time="6.800" errors="0" timestamp="2021-04-27T18:17:21 IST" skipped="0">
  <testcase classname="DDT.WindowHandle" name="WindowHandle" time="6.800"/>
  <system-out/>
</testsuite> <!-- DDT.WindowHandle -->
