<?xml version="1.0" encoding="UTF-8"?>
<!-- Generated by org.testng.reporters.JUnitReportReporter -->
<testsuite hostname="DESKTOP-952V858" failures="0" tests="1" name="DDT.PromptAlerts" time="36.226" errors="0" timestamp="2021-04-27T19:19:29 IST" skipped="0">
  <testcase classname="DDT.PromptAlerts" name="PromptAlertOnScreen" time="36.226"/>
  <system-out/>
</testsuite> <!-- DDT.PromptAlerts -->
