<?xml version="1.0" encoding="UTF-8"?>
<!-- Generated by org.testng.reporters.JUnitReportReporter -->
<testsuite hostname="DESKTOP-952V858" failures="0" tests="1" name="DDT.DropDown" time="8.662" errors="0" timestamp="2021-04-27T20:45:46 IST" skipped="0">
  <testcase classname="DDT.DropDown" name="SelectValueFromDropDown" time="8.662"/>
  <system-out/>
</testsuite> <!-- DDT.DropDown -->
